{"/home/marlon-wei/projects/policy-layer/src/sensorium-index.ts": {"path":"/home/marlon-wei/projects/policy-layer/src/sensorium-index.ts","statementMap":{"0":{"start":{"line":1,"column":23},"end":{"line":1,"column":null}},"1":{"start":{"line":3,"column":24},"end":{"line":8,"column":null}},"2":{"start":{"line":10,"column":24},"end":{"line":13,"column":null}},"3":{"start":{"line":15,"column":31},"end":{"line":24,"column":null}},"4":{"start":{"line":26,"column":38},"end":{"line":26,"column":null}},"5":{"start":{"line":28,"column":23},"end":{"line":28,"column":32}},"6":{"start":{"line":31,"column":2},"end":{"line":47,"column":null}},"7":{"start":{"line":51,"column":2},"end":{"line":51,"column":null}},"8":{"start":{"line":51,"column":15},"end":{"line":51,"column":null}},"9":{"start":{"line":52,"column":16},"end":{"line":52,"column":36}},"10":{"start":{"line":53,"column":2},"end":{"line":55,"column":null}},"11":{"start":{"line":54,"column":4},"end":{"line":55,"column":null}},"12":{"start":{"line":54,"column":35},"end":{"line":54,"column":53}},"13":{"start":{"line":55,"column":6},"end":{"line":55,"column":null}},"14":{"start":{"line":58,"column":2},"end":{"line":58,"column":null}},"15":{"start":{"line":62,"column":2},"end":{"line":69,"column":null}},"16":{"start":{"line":63,"column":21},"end":{"line":63,"column":39}},"17":{"start":{"line":64,"column":4},"end":{"line":69,"column":null}},"18":{"start":{"line":71,"column":2},"end":{"line":71,"column":null}},"19":{"start":{"line":75,"column":17},"end":{"line":75,"column":61}},"20":{"start":{"line":76,"column":2},"end":{"line":76,"column":null}},"21":{"start":{"line":76,"column":27},"end":{"line":76,"column":null}},"22":{"start":{"line":77,"column":2},"end":{"line":77,"column":null}},"23":{"start":{"line":77,"column":30},"end":{"line":77,"column":40}},"24":{"start":{"line":81,"column":17},"end":{"line":81,"column":61}},"25":{"start":{"line":82,"column":2},"end":{"line":82,"column":null}},"26":{"start":{"line":82,"column":27},"end":{"line":82,"column":null}},"27":{"start":{"line":83,"column":21},"end":{"line":83,"column":76}},"28":{"start":{"line":83,"column":47},"end":{"line":83,"column":74}},"29":{"start":{"line":84,"column":22},"end":{"line":84,"column":78}},"30":{"start":{"line":84,"column":48},"end":{"line":84,"column":76}},"31":{"start":{"line":85,"column":2},"end":{"line":85,"column":null}},"32":{"start":{"line":85,"column":24},"end":{"line":85,"column":null}},"33":{"start":{"line":86,"column":2},"end":{"line":86,"column":null}},"34":{"start":{"line":90,"column":17},"end":{"line":90,"column":61}},"35":{"start":{"line":91,"column":2},"end":{"line":91,"column":null}},"36":{"start":{"line":91,"column":27},"end":{"line":91,"column":null}},"37":{"start":{"line":92,"column":2},"end":{"line":92,"column":null}},"38":{"start":{"line":92,"column":30},"end":{"line":92,"column":39}},"39":{"start":{"line":96,"column":17},"end":{"line":96,"column":61}},"40":{"start":{"line":97,"column":2},"end":{"line":97,"column":null}},"41":{"start":{"line":97,"column":27},"end":{"line":97,"column":null}},"42":{"start":{"line":98,"column":14},"end":{"line":98,"column":null}},"43":{"start":{"line":98,"column":40},"end":{"line":98,"column":66}},"44":{"start":{"line":99,"column":2},"end":{"line":99,"column":null}},"45":{"start":{"line":103,"column":18},"end":{"line":103,"column":null}},"46":{"start":{"line":104,"column":22},"end":{"line":104,"column":49}},"47":{"start":{"line":105,"column":26},"end":{"line":105,"column":57}},"48":{"start":{"line":106,"column":21},"end":{"line":106,"column":47}},"49":{"start":{"line":107,"column":22},"end":{"line":107,"column":53}},"50":{"start":{"line":109,"column":18},"end":{"line":109,"column":20}},"51":{"start":{"line":110,"column":2},"end":{"line":110,"column":null}},"52":{"start":{"line":110,"column":28},"end":{"line":110,"column":null}},"53":{"start":{"line":111,"column":2},"end":{"line":111,"column":null}},"54":{"start":{"line":111,"column":32},"end":{"line":111,"column":null}},"55":{"start":{"line":112,"column":2},"end":{"line":112,"column":null}},"56":{"start":{"line":112,"column":27},"end":{"line":112,"column":null}},"57":{"start":{"line":113,"column":2},"end":{"line":113,"column":null}},"58":{"start":{"line":113,"column":28},"end":{"line":113,"column":null}},"59":{"start":{"line":115,"column":2},"end":{"line":115,"column":null}},"60":{"start":{"line":115,"column":28},"end":{"line":115,"column":null}},"61":{"start":{"line":117,"column":24},"end":{"line":117,"column":94}},"62":{"start":{"line":118,"column":23},"end":{"line":118,"column":null}},"63":{"start":{"line":119,"column":12},"end":{"line":119,"column":null}},"64":{"start":{"line":121,"column":20},"end":{"line":121,"column":83}},"65":{"start":{"line":121,"column":47},"end":{"line":121,"column":81}},"66":{"start":{"line":122,"column":22},"end":{"line":122,"column":null}},"67":{"start":{"line":124,"column":2},"end":{"line":124,"column":null}},"68":{"start":{"line":128,"column":2},"end":{"line":128,"column":null}},"69":{"start":{"line":128,"column":23},"end":{"line":128,"column":null}},"70":{"start":{"line":129,"column":2},"end":{"line":129,"column":null}},"71":{"start":{"line":129,"column":28},"end":{"line":129,"column":null}},"72":{"start":{"line":130,"column":2},"end":{"line":130,"column":null}},"73":{"start":{"line":130,"column":27},"end":{"line":130,"column":null}},"74":{"start":{"line":131,"column":2},"end":{"line":131,"column":null}},"75":{"start":{"line":135,"column":22},"end":{"line":135,"column":49}},"76":{"start":{"line":136,"column":26},"end":{"line":136,"column":57}},"77":{"start":{"line":137,"column":21},"end":{"line":137,"column":47}},"78":{"start":{"line":138,"column":17},"end":{"line":138,"column":39}},"79":{"start":{"line":139,"column":17},"end":{"line":139,"column":59}},"80":{"start":{"line":140,"column":17},"end":{"line":140,"column":41}},"81":{"start":{"line":141,"column":25},"end":{"line":144,"column":14}},"82":{"start":{"line":142,"column":19},"end":{"line":142,"column":30}},"83":{"start":{"line":143,"column":17},"end":{"line":143,"column":95}},"84":{"start":{"line":146,"column":2},"end":{"line":158,"column":null}},"85":{"start":{"line":162,"column":2},"end":{"line":162,"column":null}},"86":{"start":{"line":165,"column":19},"end":{"line":165,"column":null}},"87":{"start":{"line":168,"column":21},"end":{"line":168,"column":54}},"88":{"start":{"line":169,"column":2},"end":{"line":171,"column":null}},"89":{"start":{"line":170,"column":15},"end":{"line":170,"column":null}},"90":{"start":{"line":171,"column":4},"end":{"line":171,"column":null}},"91":{"start":{"line":176,"column":19},"end":{"line":176,"column":null}},"92":{"start":{"line":177,"column":20},"end":{"line":177,"column":null}},"93":{"start":{"line":178,"column":15},"end":{"line":178,"column":null}},"94":{"start":{"line":179,"column":20},"end":{"line":179,"column":null}},"95":{"start":{"line":181,"column":2},"end":{"line":206,"column":null}},"96":{"start":{"line":182,"column":4},"end":{"line":206,"column":null}},"97":{"start":{"line":183,"column":6},"end":{"line":183,"column":null}},"98":{"start":{"line":184,"column":22},"end":{"line":184,"column":null}},"99":{"start":{"line":185,"column":6},"end":{"line":206,"column":null}},"100":{"start":{"line":186,"column":22},"end":{"line":186,"column":null}},"101":{"start":{"line":187,"column":24},"end":{"line":187,"column":null}},"102":{"start":{"line":188,"column":8},"end":{"line":198,"column":null}},"103":{"start":{"line":189,"column":25},"end":{"line":189,"column":44}},"104":{"start":{"line":190,"column":10},"end":{"line":190,"column":null}},"105":{"start":{"line":191,"column":10},"end":{"line":192,"column":null}},"106":{"start":{"line":192,"column":12},"end":{"line":192,"column":null}},"107":{"start":{"line":195,"column":24},"end":{"line":195,"column":45}},"108":{"start":{"line":196,"column":10},"end":{"line":198,"column":null}},"109":{"start":{"line":197,"column":12},"end":{"line":197,"column":null}},"110":{"start":{"line":198,"column":12},"end":{"line":198,"column":null}},"111":{"start":{"line":201,"column":8},"end":{"line":206,"column":null}},"112":{"start":{"line":202,"column":10},"end":{"line":202,"column":null}},"113":{"start":{"line":203,"column":22},"end":{"line":203,"column":64}},"114":{"start":{"line":204,"column":10},"end":{"line":206,"column":null}},"115":{"start":{"line":205,"column":12},"end":{"line":205,"column":null}},"116":{"start":{"line":206,"column":12},"end":{"line":206,"column":null}},"117":{"start":{"line":213,"column":2},"end":{"line":213,"column":null}},"118":{"start":{"line":217,"column":2},"end":{"line":218,"column":null}},"119":{"start":{"line":217,"column":18},"end":{"line":217,"column":null}},"120":{"start":{"line":218,"column":7},"end":{"line":218,"column":null}},"121":{"start":{"line":219,"column":2},"end":{"line":219,"column":null}},"122":{"start":{"line":220,"column":2},"end":{"line":220,"column":null}},"123":{"start":{"line":223,"column":19},"end":{"line":223,"column":null}},"124":{"start":{"line":224,"column":18},"end":{"line":224,"column":null}},"125":{"start":{"line":226,"column":2},"end":{"line":228,"column":null}},"126":{"start":{"line":227,"column":14},"end":{"line":227,"column":50}},"127":{"start":{"line":228,"column":4},"end":{"line":228,"column":null}},"128":{"start":{"line":230,"column":2},"end":{"line":230,"column":null}},"129":{"start":{"line":231,"column":14},"end":{"line":231,"column":null}},"130":{"start":{"line":232,"column":12},"end":{"line":232,"column":40}},"131":{"start":{"line":233,"column":2},"end":{"line":233,"column":null}},"132":{"start":{"line":237,"column":2},"end":{"line":237,"column":null}},"133":{"start":{"line":238,"column":2},"end":{"line":238,"column":null}},"134":{"start":{"line":242,"column":2},"end":{"line":242,"column":null}},"135":{"start":{"line":243,"column":20},"end":{"line":243,"column":null}},"136":{"start":{"line":244,"column":2},"end":{"line":245,"column":null}},"137":{"start":{"line":245,"column":4},"end":{"line":245,"column":null}},"138":{"start":{"line":250,"column":2},"end":{"line":250,"column":null}},"139":{"start":{"line":269,"column":15},"end":{"line":369,"column":null}},"140":{"start":{"line":276,"column":4},"end":{"line":325,"column":null}},"141":{"start":{"line":277,"column":6},"end":{"line":323,"column":null}},"142":{"start":{"line":279,"column":10},"end":{"line":280,"column":null}},"143":{"start":{"line":281,"column":8},"end":{"line":281,"column":null}},"144":{"start":{"line":281,"column":25},"end":{"line":281,"column":null}},"145":{"start":{"line":283,"column":20},"end":{"line":283,"column":42}},"146":{"start":{"line":284,"column":24},"end":{"line":284,"column":59}},"147":{"start":{"line":286,"column":28},"end":{"line":286,"column":46}},"148":{"start":{"line":287,"column":8},"end":{"line":287,"column":null}},"149":{"start":{"line":287,"column":33},"end":{"line":287,"column":null}},"150":{"start":{"line":288,"column":8},"end":{"line":288,"column":null}},"151":{"start":{"line":288,"column":46},"end":{"line":288,"column":null}},"152":{"start":{"line":289,"column":8},"end":{"line":289,"column":null}},"153":{"start":{"line":289,"column":40},"end":{"line":289,"column":null}},"154":{"start":{"line":290,"column":8},"end":{"line":290,"column":null}},"155":{"start":{"line":290,"column":41},"end":{"line":290,"column":null}},"156":{"start":{"line":292,"column":25},"end":{"line":292,"column":45}},"157":{"start":{"line":294,"column":8},"end":{"line":304,"column":null}},"158":{"start":{"line":295,"column":64},"end":{"line":295,"column":127}},"159":{"start":{"line":296,"column":26},"end":{"line":296,"column":null}},"160":{"start":{"line":297,"column":10},"end":{"line":304,"column":null}},"161":{"start":{"line":307,"column":23},"end":{"line":307,"column":45}},"162":{"start":{"line":308,"column":23},"end":{"line":308,"column":65}},"163":{"start":{"line":310,"column":8},"end":{"line":313,"column":null}},"164":{"start":{"line":311,"column":10},"end":{"line":311,"column":null}},"165":{"start":{"line":312,"column":19},"end":{"line":313,"column":null}},"166":{"start":{"line":313,"column":10},"end":{"line":313,"column":null}},"167":{"start":{"line":316,"column":26},"end":{"line":316,"column":62}},"168":{"start":{"line":317,"column":8},"end":{"line":317,"column":null}},"169":{"start":{"line":319,"column":8},"end":{"line":319,"column":null}},"170":{"start":{"line":321,"column":8},"end":{"line":321,"column":null}},"171":{"start":{"line":323,"column":8},"end":{"line":323,"column":null}},"172":{"start":{"line":327,"column":4},"end":{"line":367,"column":null}},"173":{"start":{"line":333,"column":10},"end":{"line":334,"column":null}},"174":{"start":{"line":336,"column":8},"end":{"line":337,"column":null}},"175":{"start":{"line":337,"column":10},"end":{"line":337,"column":null}},"176":{"start":{"line":340,"column":24},"end":{"line":340,"column":58}},"177":{"start":{"line":341,"column":23},"end":{"line":341,"column":45}},"178":{"start":{"line":342,"column":23},"end":{"line":342,"column":65}},"179":{"start":{"line":343,"column":28},"end":{"line":343,"column":55}},"180":{"start":{"line":344,"column":32},"end":{"line":344,"column":63}},"181":{"start":{"line":345,"column":27},"end":{"line":345,"column":53}},"182":{"start":{"line":347,"column":23},"end":{"line":347,"column":47}},"183":{"start":{"line":348,"column":26},"end":{"line":350,"column":73}},"184":{"start":{"line":349,"column":25},"end":{"line":349,"column":36}},"185":{"start":{"line":350,"column":22},"end":{"line":350,"column":73}},"186":{"start":{"line":352,"column":22},"end":{"line":363,"column":null}},"187":{"start":{"line":365,"column":8},"end":{"line":365,"column":null}}},"fnMap":{"0":{"name":"resolveConfig","decl":{"start":{"line":30,"column":9},"end":{"line":30,"column":23}},"loc":{"start":{"line":30,"column":28},"end":{"line":47,"column":null}},"line":30},"1":{"name":"classifySeverity","decl":{"start":{"line":50,"column":9},"end":{"line":50,"column":26}},"loc":{"start":{"line":50,"column":41},"end":{"line":58,"column":null}},"line":50},"2":{"name":"(anonymous_2)","decl":{"start":{"line":54,"column":22},"end":{"line":54,"column":28}},"loc":{"start":{"line":54,"column":35},"end":{"line":54,"column":53}},"line":54},"3":{"name":"getOrCreateMetrics","decl":{"start":{"line":61,"column":9},"end":{"line":61,"column":28}},"loc":{"start":{"line":61,"column":45},"end":{"line":71,"column":null}},"line":61},"4":{"name":"computeSuccessRate","decl":{"start":{"line":74,"column":9},"end":{"line":74,"column":28}},"loc":{"start":{"line":74,"column":37},"end":{"line":77,"column":null}},"line":74},"5":{"name":"(anonymous_5)","decl":{"start":{"line":77,"column":16},"end":{"line":77,"column":24}},"loc":{"start":{"line":77,"column":30},"end":{"line":77,"column":40}},"line":77},"6":{"name":"computeToolFailureRate","decl":{"start":{"line":80,"column":9},"end":{"line":80,"column":32}},"loc":{"start":{"line":80,"column":41},"end":{"line":86,"column":null}},"line":80},"7":{"name":"(anonymous_7)","decl":{"start":{"line":83,"column":28},"end":{"line":83,"column":36}},"loc":{"start":{"line":83,"column":47},"end":{"line":83,"column":74}},"line":83},"8":{"name":"(anonymous_8)","decl":{"start":{"line":84,"column":29},"end":{"line":84,"column":37}},"loc":{"start":{"line":84,"column":48},"end":{"line":84,"column":76}},"line":84},"9":{"name":"computeCbrHitRate","decl":{"start":{"line":89,"column":9},"end":{"line":89,"column":27}},"loc":{"start":{"line":89,"column":36},"end":{"line":92,"column":null}},"line":89},"10":{"name":"(anonymous_10)","decl":{"start":{"line":92,"column":16},"end":{"line":92,"column":24}},"loc":{"start":{"line":92,"column":30},"end":{"line":92,"column":39}},"line":92},"11":{"name":"computeAverageSeverity","decl":{"start":{"line":95,"column":9},"end":{"line":95,"column":32}},"loc":{"start":{"line":95,"column":41},"end":{"line":99,"column":null}},"line":95},"12":{"name":"(anonymous_12)","decl":{"start":{"line":98,"column":21},"end":{"line":98,"column":29}},"loc":{"start":{"line":98,"column":40},"end":{"line":98,"column":66}},"line":98},"13":{"name":"computeDPrime","decl":{"start":{"line":102,"column":9},"end":{"line":102,"column":23}},"loc":{"start":{"line":102,"column":32},"end":{"line":124,"column":null}},"line":102},"14":{"name":"(anonymous_14)","decl":{"start":{"line":121,"column":28},"end":{"line":121,"column":36}},"loc":{"start":{"line":121,"column":47},"end":{"line":121,"column":81}},"line":121},"15":{"name":"dGateStatus","decl":{"start":{"line":127,"column":9},"end":{"line":127,"column":21}},"loc":{"start":{"line":127,"column":36},"end":{"line":131,"column":null}},"line":127},"16":{"name":"formatSensorium","decl":{"start":{"line":134,"column":9},"end":{"line":134,"column":25}},"loc":{"start":{"line":134,"column":46},"end":{"line":158,"column":null}},"line":134},"17":{"name":"(anonymous_17)","decl":{"start":{"line":142,"column":5},"end":{"line":142,"column":13}},"loc":{"start":{"line":142,"column":19},"end":{"line":142,"column":30}},"line":142},"18":{"name":"(anonymous_18)","decl":{"start":{"line":143,"column":5},"end":{"line":143,"column":10}},"loc":{"start":{"line":143,"column":17},"end":{"line":143,"column":95}},"line":143},"19":{"name":"resolveLogLevel","decl":{"start":{"line":161,"column":9},"end":{"line":161,"column":25}},"loc":{"start":{"line":161,"column":39},"end":{"line":162,"column":null}},"line":161},"20":{"name":"doLog","decl":{"start":{"line":167,"column":9},"end":{"line":167,"column":15}},"loc":{"start":{"line":167,"column":32},"end":{"line":171,"column":null}},"line":167},"21":{"name":"extractOutcomeFromMessages","decl":{"start":{"line":175,"column":9},"end":{"line":175,"column":36}},"loc":{"start":{"line":175,"column":61},"end":{"line":213,"column":null}},"line":175},"22":{"name":"resetSessionMetrics","decl":{"start":{"line":216,"column":16},"end":{"line":216,"column":36}},"loc":{"start":{"line":216,"column":48},"end":{"line":220,"column":null}},"line":216},"23":{"name":"createMockMetrics","decl":{"start":{"line":225,"column":16},"end":{"line":225,"column":34}},"loc":{"start":{"line":225,"column":52},"end":{"line":233,"column":null}},"line":225},"24":{"name":"makeKey","decl":{"start":{"line":236,"column":16},"end":{"line":236,"column":24}},"loc":{"start":{"line":236,"column":27},"end":{"line":238,"column":null}},"line":236},"25":{"name":"addCycle","decl":{"start":{"line":241,"column":16},"end":{"line":241,"column":25}},"loc":{"start":{"line":241,"column":41},"end":{"line":245,"column":null}},"line":241},"26":{"name":"getMetrics","decl":{"start":{"line":249,"column":16},"end":{"line":249,"column":27}},"loc":{"start":{"line":249,"column":39},"end":{"line":250,"column":null}},"line":249},"27":{"name":"(anonymous_27)","decl":{"start":{"line":275,"column":2},"end":{"line":275,"column":11}},"loc":{"start":{"line":275,"column":16},"end":{"line":367,"column":null}},"line":275},"28":{"name":"(anonymous_28)","decl":{"start":{"line":276,"column":34},"end":{"line":276,"column":41}},"loc":{"start":{"line":276,"column":56},"end":{"line":325,"column":null}},"line":276},"29":{"name":"(anonymous_29)","decl":{"start":{"line":331,"column":15},"end":{"line":331,"column":22}},"loc":{"start":{"line":331,"column":30},"end":{"line":365,"column":null}},"line":331},"30":{"name":"(anonymous_30)","decl":{"start":{"line":349,"column":11},"end":{"line":349,"column":19}},"loc":{"start":{"line":349,"column":25},"end":{"line":349,"column":36}},"line":349},"31":{"name":"(anonymous_31)","decl":{"start":{"line":350,"column":11},"end":{"line":350,"column":16}},"loc":{"start":{"line":350,"column":22},"end":{"line":350,"column":73}},"line":350}},"branchMap":{"0":{"loc":{"start":{"line":32,"column":12},"end":{"line":32,"column":null}},"type":"binary-expr","locations":[{"start":{"line":32,"column":12},"end":{"line":32,"column":36}},{"start":{"line":32,"column":36},"end":{"line":32,"column":null}}],"line":32},"1":{"loc":{"start":{"line":34,"column":11},"end":{"line":34,"column":null}},"type":"binary-expr","locations":[{"start":{"line":34,"column":11},"end":{"line":34,"column":28}},{"start":{"line":34,"column":28},"end":{"line":34,"column":null}}],"line":34},"2":{"loc":{"start":{"line":35,"column":12},"end":{"line":35,"column":null}},"type":"binary-expr","locations":[{"start":{"line":35,"column":12},"end":{"line":35,"column":30}},{"start":{"line":35,"column":30},"end":{"line":35,"column":null}}],"line":35},"3":{"loc":{"start":{"line":38,"column":15},"end":{"line":38,"column":null}},"type":"binary-expr","locations":[{"start":{"line":38,"column":15},"end":{"line":38,"column":37}},{"start":{"line":38,"column":37},"end":{"line":38,"column":null}}],"line":38},"4":{"loc":{"start":{"line":39,"column":12},"end":{"line":39,"column":null}},"type":"binary-expr","locations":[{"start":{"line":39,"column":12},"end":{"line":39,"column":31}},{"start":{"line":39,"column":31},"end":{"line":39,"column":null}}],"line":39},"5":{"loc":{"start":{"line":40,"column":11},"end":{"line":40,"column":null}},"type":"binary-expr","locations":[{"start":{"line":40,"column":11},"end":{"line":40,"column":29}},{"start":{"line":40,"column":29},"end":{"line":40,"column":null}}],"line":40},"6":{"loc":{"start":{"line":41,"column":16},"end":{"line":41,"column":null}},"type":"binary-expr","locations":[{"start":{"line":41,"column":16},"end":{"line":41,"column":39}},{"start":{"line":41,"column":39},"end":{"line":41,"column":null}}],"line":41},"7":{"loc":{"start":{"line":43,"column":19},"end":{"line":43,"column":null}},"type":"binary-expr","locations":[{"start":{"line":43,"column":19},"end":{"line":43,"column":41}},{"start":{"line":43,"column":41},"end":{"line":43,"column":null}}],"line":43},"8":{"loc":{"start":{"line":44,"column":25},"end":{"line":44,"column":null}},"type":"binary-expr","locations":[{"start":{"line":44,"column":25},"end":{"line":44,"column":53}},{"start":{"line":44,"column":53},"end":{"line":44,"column":null}}],"line":44},"9":{"loc":{"start":{"line":45,"column":20},"end":{"line":45,"column":null}},"type":"binary-expr","locations":[{"start":{"line":45,"column":20},"end":{"line":45,"column":43}},{"start":{"line":45,"column":43},"end":{"line":45,"column":null}}],"line":45},"10":{"loc":{"start":{"line":46,"column":14},"end":{"line":46,"column":null}},"type":"binary-expr","locations":[{"start":{"line":46,"column":14},"end":{"line":46,"column":31}},{"start":{"line":46,"column":31},"end":{"line":46,"column":null}}],"line":46},"11":{"loc":{"start":{"line":51,"column":2},"end":{"line":51,"column":null}},"type":"if","locations":[{"start":{"line":51,"column":2},"end":{"line":51,"column":null}},{"start":{},"end":{}}],"line":51},"12":{"loc":{"start":{"line":54,"column":4},"end":{"line":55,"column":null}},"type":"if","locations":[{"start":{"line":54,"column":4},"end":{"line":55,"column":null}},{"start":{},"end":{}}],"line":54},"13":{"loc":{"start":{"line":62,"column":2},"end":{"line":69,"column":null}},"type":"if","locations":[{"start":{"line":62,"column":2},"end":{"line":69,"column":null}},{"start":{},"end":{}}],"line":62},"14":{"loc":{"start":{"line":76,"column":2},"end":{"line":76,"column":null}},"type":"if","locations":[{"start":{"line":76,"column":2},"end":{"line":76,"column":null}},{"start":{},"end":{}}],"line":76},"15":{"loc":{"start":{"line":82,"column":2},"end":{"line":82,"column":null}},"type":"if","locations":[{"start":{"line":82,"column":2},"end":{"line":82,"column":null}},{"start":{},"end":{}}],"line":82},"16":{"loc":{"start":{"line":83,"column":54},"end":{"line":83,"column":74}},"type":"binary-expr","locations":[{"start":{"line":83,"column":54},"end":{"line":83,"column":70}},{"start":{"line":83,"column":70},"end":{"line":83,"column":74}}],"line":83},"17":{"loc":{"start":{"line":84,"column":55},"end":{"line":84,"column":76}},"type":"binary-expr","locations":[{"start":{"line":84,"column":55},"end":{"line":84,"column":72}},{"start":{"line":84,"column":72},"end":{"line":84,"column":76}}],"line":84},"18":{"loc":{"start":{"line":85,"column":2},"end":{"line":85,"column":null}},"type":"if","locations":[{"start":{"line":85,"column":2},"end":{"line":85,"column":null}},{"start":{},"end":{}}],"line":85},"19":{"loc":{"start":{"line":91,"column":2},"end":{"line":91,"column":null}},"type":"if","locations":[{"start":{"line":91,"column":2},"end":{"line":91,"column":null}},{"start":{},"end":{}}],"line":91},"20":{"loc":{"start":{"line":97,"column":2},"end":{"line":97,"column":null}},"type":"if","locations":[{"start":{"line":97,"column":2},"end":{"line":97,"column":null}},{"start":{},"end":{}}],"line":97},"21":{"loc":{"start":{"line":98,"column":47},"end":{"line":98,"column":66}},"type":"binary-expr","locations":[{"start":{"line":98,"column":47},"end":{"line":98,"column":61}},{"start":{"line":98,"column":61},"end":{"line":98,"column":66}}],"line":98},"22":{"loc":{"start":{"line":110,"column":2},"end":{"line":110,"column":null}},"type":"if","locations":[{"start":{"line":110,"column":2},"end":{"line":110,"column":null}},{"start":{},"end":{}}],"line":110},"23":{"loc":{"start":{"line":111,"column":2},"end":{"line":111,"column":null}},"type":"if","locations":[{"start":{"line":111,"column":2},"end":{"line":111,"column":null}},{"start":{},"end":{}}],"line":111},"24":{"loc":{"start":{"line":112,"column":2},"end":{"line":112,"column":null}},"type":"if","locations":[{"start":{"line":112,"column":2},"end":{"line":112,"column":null}},{"start":{},"end":{}}],"line":112},"25":{"loc":{"start":{"line":113,"column":2},"end":{"line":113,"column":null}},"type":"if","locations":[{"start":{"line":113,"column":2},"end":{"line":113,"column":null}},{"start":{},"end":{}}],"line":113},"26":{"loc":{"start":{"line":115,"column":2},"end":{"line":115,"column":null}},"type":"if","locations":[{"start":{"line":115,"column":2},"end":{"line":115,"column":null}},{"start":{},"end":{}}],"line":115},"27":{"loc":{"start":{"line":128,"column":2},"end":{"line":128,"column":null}},"type":"if","locations":[{"start":{"line":128,"column":2},"end":{"line":128,"column":null}},{"start":{},"end":{}}],"line":128},"28":{"loc":{"start":{"line":129,"column":2},"end":{"line":129,"column":null}},"type":"if","locations":[{"start":{"line":129,"column":2},"end":{"line":129,"column":null}},{"start":{},"end":{}}],"line":129},"29":{"loc":{"start":{"line":130,"column":2},"end":{"line":130,"column":null}},"type":"if","locations":[{"start":{"line":130,"column":2},"end":{"line":130,"column":null}},{"start":{},"end":{}}],"line":130},"30":{"loc":{"start":{"line":143,"column":17},"end":{"line":143,"column":95}},"type":"cond-expr","locations":[{"start":{"line":143,"column":37},"end":{"line":143,"column":72}},{"start":{"line":143,"column":72},"end":{"line":143,"column":95}}],"line":143},"31":{"loc":{"start":{"line":143,"column":46},"end":{"line":143,"column":72}},"type":"binary-expr","locations":[{"start":{"line":143,"column":46},"end":{"line":143,"column":58}},{"start":{"line":143,"column":58},"end":{"line":143,"column":72}}],"line":143},"32":{"loc":{"start":{"line":143,"column":72},"end":{"line":143,"column":95}},"type":"binary-expr","locations":[{"start":{"line":143,"column":72},"end":{"line":143,"column":84}},{"start":{"line":143,"column":84},"end":{"line":143,"column":95}}],"line":143},"33":{"loc":{"start":{"line":149,"column":18},"end":{"line":149,"column":61}},"type":"cond-expr","locations":[{"start":{"line":149,"column":36},"end":{"line":149,"column":53}},{"start":{"line":149,"column":56},"end":{"line":149,"column":61}}],"line":149},"34":{"loc":{"start":{"line":153,"column":4},"end":{"line":153,"column":null}},"type":"cond-expr","locations":[{"start":{"line":153,"column":27},"end":{"line":153,"column":104}},{"start":{"line":153,"column":104},"end":{"line":153,"column":null}}],"line":153},"35":{"loc":{"start":{"line":154,"column":4},"end":{"line":154,"column":null}},"type":"cond-expr","locations":[{"start":{"line":154,"column":31},"end":{"line":154,"column":106}},{"start":{"line":154,"column":106},"end":{"line":154,"column":null}}],"line":154},"36":{"loc":{"start":{"line":155,"column":4},"end":{"line":155,"column":null}},"type":"cond-expr","locations":[{"start":{"line":155,"column":26},"end":{"line":155,"column":86}},{"start":{"line":155,"column":86},"end":{"line":155,"column":null}}],"line":155},"37":{"loc":{"start":{"line":156,"column":4},"end":{"line":156,"column":null}},"type":"cond-expr","locations":[{"start":{"line":156,"column":32},"end":{"line":156,"column":103}},{"start":{"line":156,"column":103},"end":{"line":156,"column":null}}],"line":156},"38":{"loc":{"start":{"line":162,"column":9},"end":{"line":162,"column":null}},"type":"binary-expr","locations":[{"start":{"line":162,"column":9},"end":{"line":162,"column":35}},{"start":{"line":162,"column":35},"end":{"line":162,"column":null}}],"line":162},"39":{"loc":{"start":{"line":169,"column":2},"end":{"line":171,"column":null}},"type":"if","locations":[{"start":{"line":169,"column":2},"end":{"line":171,"column":null}},{"start":{},"end":{}}],"line":169},"40":{"loc":{"start":{"line":169,"column":7},"end":{"line":169,"column":35}},"type":"binary-expr","locations":[{"start":{"line":169,"column":7},"end":{"line":169,"column":28}},{"start":{"line":169,"column":28},"end":{"line":169,"column":35}}],"line":169},"41":{"loc":{"start":{"line":169,"column":35},"end":{"line":169,"column":65}},"type":"binary-expr","locations":[{"start":{"line":169,"column":35},"end":{"line":169,"column":61}},{"start":{"line":169,"column":61},"end":{"line":169,"column":65}}],"line":169},"42":{"loc":{"start":{"line":170,"column":15},"end":{"line":170,"column":null}},"type":"cond-expr","locations":[{"start":{"line":170,"column":35},"end":{"line":170,"column":54}},{"start":{"line":170,"column":54},"end":{"line":170,"column":null}}],"line":170},"43":{"loc":{"start":{"line":170,"column":54},"end":{"line":170,"column":null}},"type":"cond-expr","locations":[{"start":{"line":170,"column":73},"end":{"line":170,"column":91}},{"start":{"line":170,"column":91},"end":{"line":170,"column":null}}],"line":170},"44":{"loc":{"start":{"line":182,"column":4},"end":{"line":206,"column":null}},"type":"if","locations":[{"start":{"line":182,"column":4},"end":{"line":206,"column":null}},{"start":{},"end":{}}],"line":182},"45":{"loc":{"start":{"line":185,"column":6},"end":{"line":206,"column":null}},"type":"if","locations":[{"start":{"line":185,"column":6},"end":{"line":206,"column":null}},{"start":{},"end":{}}],"line":185},"46":{"loc":{"start":{"line":190,"column":23},"end":{"line":190,"column":null}},"type":"binary-expr","locations":[{"start":{"line":190,"column":23},"end":{"line":190,"column":41}},{"start":{"line":190,"column":41},"end":{"line":190,"column":57}},{"start":{"line":190,"column":57},"end":{"line":190,"column":null}}],"line":190},"47":{"loc":{"start":{"line":191,"column":10},"end":{"line":192,"column":null}},"type":"if","locations":[{"start":{"line":191,"column":10},"end":{"line":192,"column":null}},{"start":{},"end":{}}],"line":191},"48":{"loc":{"start":{"line":192,"column":24},"end":{"line":192,"column":null}},"type":"binary-expr","locations":[{"start":{"line":192,"column":24},"end":{"line":192,"column":40}},{"start":{"line":192,"column":40},"end":{"line":192,"column":58}},{"start":{"line":192,"column":58},"end":{"line":192,"column":null}}],"line":192},"49":{"loc":{"start":{"line":196,"column":10},"end":{"line":198,"column":null}},"type":"if","locations":[{"start":{"line":196,"column":10},"end":{"line":198,"column":null}},{"start":{},"end":{}}],"line":196},"50":{"loc":{"start":{"line":196,"column":14},"end":{"line":196,"column":96}},"type":"binary-expr","locations":[{"start":{"line":196,"column":14},"end":{"line":196,"column":37}},{"start":{"line":196,"column":41},"end":{"line":196,"column":65}},{"start":{"line":196,"column":69},"end":{"line":196,"column":96}}],"line":196},"51":{"loc":{"start":{"line":201,"column":8},"end":{"line":206,"column":null}},"type":"if","locations":[{"start":{"line":201,"column":8},"end":{"line":206,"column":null}},{"start":{},"end":{}}],"line":201},"52":{"loc":{"start":{"line":204,"column":10},"end":{"line":206,"column":null}},"type":"if","locations":[{"start":{"line":204,"column":10},"end":{"line":206,"column":null}},{"start":{},"end":{}}],"line":204},"53":{"loc":{"start":{"line":217,"column":2},"end":{"line":218,"column":null}},"type":"if","locations":[{"start":{"line":217,"column":2},"end":{"line":218,"column":null}},{"start":{"line":218,"column":7},"end":{"line":218,"column":null}}],"line":217},"54":{"loc":{"start":{"line":226,"column":2},"end":{"line":228,"column":null}},"type":"if","locations":[{"start":{"line":226,"column":2},"end":{"line":228,"column":null}},{"start":{},"end":{}}],"line":226},"55":{"loc":{"start":{"line":244,"column":2},"end":{"line":245,"column":null}},"type":"if","locations":[{"start":{"line":244,"column":2},"end":{"line":245,"column":null}},{"start":{},"end":{}}],"line":244},"56":{"loc":{"start":{"line":279,"column":10},"end":{"line":280,"column":null}},"type":"binary-expr","locations":[{"start":{"line":279,"column":10},"end":{"line":279,"column":32}},{"start":{"line":280,"column":11},"end":{"line":280,"column":null}}],"line":279},"57":{"loc":{"start":{"line":280,"column":11},"end":{"line":280,"column":null}},"type":"cond-expr","locations":[{"start":{"line":280,"column":42},"end":{"line":280,"column":78}},{"start":{"line":280,"column":78},"end":{"line":280,"column":null}}],"line":280},"58":{"loc":{"start":{"line":280,"column":11},"end":{"line":280,"column":42}},"type":"binary-expr","locations":[{"start":{"line":280,"column":11},"end":{"line":280,"column":26}},{"start":{"line":280,"column":26},"end":{"line":280,"column":42}}],"line":280},"59":{"loc":{"start":{"line":281,"column":8},"end":{"line":281,"column":null}},"type":"if","locations":[{"start":{"line":281,"column":8},"end":{"line":281,"column":null}},{"start":{},"end":{}}],"line":281},"60":{"loc":{"start":{"line":283,"column":20},"end":{"line":283,"column":42}},"type":"binary-expr","locations":[{"start":{"line":283,"column":20},"end":{"line":283,"column":40}},{"start":{"line":283,"column":40},"end":{"line":283,"column":42}}],"line":283},"61":{"loc":{"start":{"line":287,"column":8},"end":{"line":287,"column":null}},"type":"if","locations":[{"start":{"line":287,"column":8},"end":{"line":287,"column":null}},{"start":{},"end":{}}],"line":287},"62":{"loc":{"start":{"line":288,"column":8},"end":{"line":288,"column":null}},"type":"if","locations":[{"start":{"line":288,"column":8},"end":{"line":288,"column":null}},{"start":{},"end":{}}],"line":288},"63":{"loc":{"start":{"line":289,"column":8},"end":{"line":289,"column":null}},"type":"if","locations":[{"start":{"line":289,"column":8},"end":{"line":289,"column":null}},{"start":{},"end":{}}],"line":289},"64":{"loc":{"start":{"line":290,"column":8},"end":{"line":290,"column":null}},"type":"if","locations":[{"start":{"line":290,"column":8},"end":{"line":290,"column":null}},{"start":{},"end":{}}],"line":290},"65":{"loc":{"start":{"line":292,"column":25},"end":{"line":292,"column":45}},"type":"binary-expr","locations":[{"start":{"line":292,"column":25},"end":{"line":292,"column":43}},{"start":{"line":292,"column":43},"end":{"line":292,"column":45}}],"line":292},"66":{"loc":{"start":{"line":294,"column":8},"end":{"line":304,"column":null}},"type":"if","locations":[{"start":{"line":294,"column":8},"end":{"line":304,"column":null}},{"start":{},"end":{}}],"line":294},"67":{"loc":{"start":{"line":310,"column":8},"end":{"line":313,"column":null}},"type":"if","locations":[{"start":{"line":310,"column":8},"end":{"line":313,"column":null}},{"start":{"line":312,"column":19},"end":{"line":313,"column":null}}],"line":310},"68":{"loc":{"start":{"line":312,"column":19},"end":{"line":313,"column":null}},"type":"if","locations":[{"start":{"line":312,"column":19},"end":{"line":313,"column":null}},{"start":{},"end":{}}],"line":312},"69":{"loc":{"start":{"line":317,"column":73},"end":{"line":317,"column":100}},"type":"binary-expr","locations":[{"start":{"line":317,"column":73},"end":{"line":317,"column":91}},{"start":{"line":317,"column":95},"end":{"line":317,"column":100}}],"line":317},"70":{"loc":{"start":{"line":333,"column":10},"end":{"line":334,"column":null}},"type":"binary-expr","locations":[{"start":{"line":333,"column":10},"end":{"line":333,"column":32}},{"start":{"line":334,"column":11},"end":{"line":334,"column":null}}],"line":333},"71":{"loc":{"start":{"line":334,"column":11},"end":{"line":334,"column":null}},"type":"cond-expr","locations":[{"start":{"line":334,"column":42},"end":{"line":334,"column":78}},{"start":{"line":334,"column":78},"end":{"line":334,"column":null}}],"line":334},"72":{"loc":{"start":{"line":334,"column":11},"end":{"line":334,"column":42}},"type":"binary-expr","locations":[{"start":{"line":334,"column":11},"end":{"line":334,"column":26}},{"start":{"line":334,"column":26},"end":{"line":334,"column":42}}],"line":334},"73":{"loc":{"start":{"line":336,"column":8},"end":{"line":337,"column":null}},"type":"if","locations":[{"start":{"line":336,"column":8},"end":{"line":337,"column":null}},{"start":{},"end":{}}],"line":336},"74":{"loc":{"start":{"line":350,"column":29},"end":{"line":350,"column":51}},"type":"binary-expr","locations":[{"start":{"line":350,"column":29},"end":{"line":350,"column":41}},{"start":{"line":350,"column":41},"end":{"line":350,"column":51}}],"line":350},"75":{"loc":{"start":{"line":354,"column":29},"end":{"line":354,"column":null}},"type":"cond-expr","locations":[{"start":{"line":354,"column":47},"end":{"line":354,"column":64}},{"start":{"line":354,"column":67},"end":{"line":354,"column":null}}],"line":354},"76":{"loc":{"start":{"line":359,"column":29},"end":{"line":359,"column":null}},"type":"cond-expr","locations":[{"start":{"line":359,"column":52},"end":{"line":359,"column":74}},{"start":{"line":359,"column":77},"end":{"line":359,"column":null}}],"line":359},"77":{"loc":{"start":{"line":360,"column":29},"end":{"line":360,"column":null}},"type":"cond-expr","locations":[{"start":{"line":360,"column":56},"end":{"line":360,"column":82}},{"start":{"line":360,"column":85},"end":{"line":360,"column":null}}],"line":360},"78":{"loc":{"start":{"line":361,"column":29},"end":{"line":361,"column":null}},"type":"cond-expr","locations":[{"start":{"line":361,"column":51},"end":{"line":361,"column":72}},{"start":{"line":361,"column":75},"end":{"line":361,"column":null}}],"line":361},"79":{"loc":{"start":{"line":362,"column":10},"end":{"line":362,"column":null}},"type":"cond-expr","locations":[{"start":{"line":362,"column":33},"end":{"line":362,"column":81}},{"start":{"line":362,"column":81},"end":{"line":362,"column":null}}],"line":362}},"s":{"0":1,"1":1,"2":1,"3":1,"4":1,"5":1,"6":24,"7":20,"8":2,"9":18,"10":18,"11":84,"12":191,"13":16,"14":2,"15":19,"16":19,"17":19,"18":19,"19":20,"20":20,"21":4,"22":16,"23":28,"24":21,"25":21,"26":4,"27":17,"28":28,"29":17,"30":28,"31":17,"32":3,"33":14,"34":20,"35":20,"36":4,"37":16,"38":29,"39":15,"40":15,"41":3,"42":12,"43":20,"44":12,"45":13,"46":13,"47":13,"48":13,"49":13,"50":13,"51":13,"52":11,"53":13,"54":9,"55":13,"56":11,"57":13,"58":11,"59":13,"60":2,"61":11,"62":11,"63":11,"64":11,"65":42,"66":11,"67":11,"68":17,"69":2,"70":15,"71":5,"72":10,"73":4,"74":6,"75":5,"76":5,"77":5,"78":5,"79":5,"80":5,"81":5,"82":8,"83":7,"84":5,"85":0,"86":1,"87":0,"88":0,"89":0,"90":0,"91":7,"92":7,"93":7,"94":7,"95":7,"96":9,"97":8,"98":8,"99":8,"100":8,"101":8,"102":8,"103":8,"104":8,"105":8,"106":4,"107":3,"108":3,"109":2,"110":2,"111":8,"112":6,"113":6,"114":6,"115":5,"116":5,"117":7,"118":18,"119":0,"120":18,"121":18,"122":18,"123":1,"124":1,"125":19,"126":6,"127":6,"128":13,"129":13,"130":13,"131":13,"132":6,"133":6,"134":48,"135":48,"136":48,"137":10,"138":0,"139":1,"140":0,"141":0,"142":0,"143":0,"144":0,"145":0,"146":0,"147":0,"148":0,"149":0,"150":0,"151":0,"152":0,"153":0,"154":0,"155":0,"156":0,"157":0,"158":0,"159":0,"160":0,"161":0,"162":0,"163":0,"164":0,"165":0,"166":0,"167":0,"168":0,"169":0,"170":0,"171":0,"172":0,"173":0,"174":0,"175":0,"176":0,"177":0,"178":0,"179":0,"180":0,"181":0,"182":0,"183":0,"184":0,"185":0,"186":0,"187":0},"f":{"0":24,"1":20,"2":191,"3":19,"4":20,"5":28,"6":21,"7":28,"8":28,"9":20,"10":29,"11":15,"12":20,"13":13,"14":42,"15":17,"16":5,"17":8,"18":7,"19":0,"20":0,"21":7,"22":18,"23":19,"24":6,"25":48,"26":0,"27":0,"28":0,"29":0,"30":0,"31":0},"b":{"0":[24,23],"1":[24,23],"2":[24,23],"3":[24,22],"4":[24,22],"5":[24,22],"6":[24,22],"7":[24,23],"8":[24,24],"9":[24,24],"10":[24,23],"11":[2,18],"12":[16,68],"13":[19,0],"14":[4,16],"15":[4,17],"16":[28,3],"17":[28,12],"18":[3,14],"19":[4,16],"20":[3,12],"21":[20,0],"22":[11,2],"23":[9,4],"24":[11,2],"25":[11,2],"26":[2,11],"27":[2,15],"28":[5,10],"29":[4,6],"30":[1,6],"31":[1,0],"32":[6,0],"33":[4,1],"34":[4,1],"35":[4,1],"36":[4,1],"37":[3,2],"38":[0,0],"39":[0,0],"40":[0,0],"41":[0,0],"42":[0,0],"43":[0,0],"44":[8,1],"45":[8,0],"46":[8,4,2],"47":[4,4],"48":[4,1,0],"49":[2,1],"50":[3,1,1],"51":[6,2],"52":[5,1],"53":[0,18],"54":[6,13],"55":[10,38],"56":[0,0],"57":[0,0],"58":[0,0],"59":[0,0],"60":[0,0],"61":[0,0],"62":[0,0],"63":[0,0],"64":[0,0],"65":[0,0],"66":[0,0],"67":[0,0],"68":[0,0],"69":[0,0],"70":[0,0],"71":[0,0],"72":[0,0],"73":[0,0],"74":[0,0],"75":[0,0],"76":[0,0],"77":[0,0],"78":[0,0],"79":[0,0]},"meta":{"lastBranch":80,"lastFunction":32,"lastStatement":188,"seen":{"s:1:23:1:Infinity":0,"s:3:24:8:Infinity":1,"s:10:24:13:Infinity":2,"s:15:31:24:Infinity":3,"s:26:38:26:Infinity":4,"s:28:23:28:32":5,"f:30:9:30:23":0,"s:31:2:47:Infinity":6,"b:32:12:32:36:32:36:32:Infinity":0,"b:34:11:34:28:34:28:34:Infinity":1,"b:35:12:35:30:35:30:35:Infinity":2,"b:38:15:38:37:38:37:38:Infinity":3,"b:39:12:39:31:39:31:39:Infinity":4,"b:40:11:40:29:40:29:40:Infinity":5,"b:41:16:41:39:41:39:41:Infinity":6,"b:43:19:43:41:43:41:43:Infinity":7,"b:44:25:44:53:44:53:44:Infinity":8,"b:45:20:45:43:45:43:45:Infinity":9,"b:46:14:46:31:46:31:46:Infinity":10,"f:50:9:50:26":1,"b:51:2:51:Infinity:undefined:undefined:undefined:undefined":11,"s:51:2:51:Infinity":7,"s:51:15:51:Infinity":8,"s:52:16:52:36":9,"s:53:2:55:Infinity":10,"b:54:4:55:Infinity:undefined:undefined:undefined:undefined":12,"s:54:4:55:Infinity":11,"f:54:22:54:28":2,"s:54:35:54:53":12,"s:55:6:55:Infinity":13,"s:58:2:58:Infinity":14,"f:61:9:61:28":3,"b:62:2:69:Infinity:undefined:undefined:undefined:undefined":13,"s:62:2:69:Infinity":15,"s:63:21:63:39":16,"s:64:4:69:Infinity":17,"s:71:2:71:Infinity":18,"f:74:9:74:28":4,"s:75:17:75:61":19,"b:76:2:76:Infinity:undefined:undefined:undefined:undefined":14,"s:76:2:76:Infinity":20,"s:76:27:76:Infinity":21,"s:77:2:77:Infinity":22,"f:77:16:77:24":5,"s:77:30:77:40":23,"f:80:9:80:32":6,"s:81:17:81:61":24,"b:82:2:82:Infinity:undefined:undefined:undefined:undefined":15,"s:82:2:82:Infinity":25,"s:82:27:82:Infinity":26,"s:83:21:83:76":27,"f:83:28:83:36":7,"s:83:47:83:74":28,"b:83:54:83:70:83:70:83:74":16,"s:84:22:84:78":29,"f:84:29:84:37":8,"s:84:48:84:76":30,"b:84:55:84:72:84:72:84:76":17,"b:85:2:85:Infinity:undefined:undefined:undefined:undefined":18,"s:85:2:85:Infinity":31,"s:85:24:85:Infinity":32,"s:86:2:86:Infinity":33,"f:89:9:89:27":9,"s:90:17:90:61":34,"b:91:2:91:Infinity:undefined:undefined:undefined:undefined":19,"s:91:2:91:Infinity":35,"s:91:27:91:Infinity":36,"s:92:2:92:Infinity":37,"f:92:16:92:24":10,"s:92:30:92:39":38,"f:95:9:95:32":11,"s:96:17:96:61":39,"b:97:2:97:Infinity:undefined:undefined:undefined:undefined":20,"s:97:2:97:Infinity":40,"s:97:27:97:Infinity":41,"s:98:14:98:Infinity":42,"f:98:21:98:29":12,"s:98:40:98:66":43,"b:98:47:98:61:98:61:98:66":21,"s:99:2:99:Infinity":44,"f:102:9:102:23":13,"s:103:18:103:Infinity":45,"s:104:22:104:49":46,"s:105:26:105:57":47,"s:106:21:106:47":48,"s:107:22:107:53":49,"s:109:18:109:20":50,"b:110:2:110:Infinity:undefined:undefined:undefined:undefined":22,"s:110:2:110:Infinity":51,"s:110:28:110:Infinity":52,"b:111:2:111:Infinity:undefined:undefined:undefined:undefined":23,"s:111:2:111:Infinity":53,"s:111:32:111:Infinity":54,"b:112:2:112:Infinity:undefined:undefined:undefined:undefined":24,"s:112:2:112:Infinity":55,"s:112:27:112:Infinity":56,"b:113:2:113:Infinity:undefined:undefined:undefined:undefined":25,"s:113:2:113:Infinity":57,"s:113:28:113:Infinity":58,"b:115:2:115:Infinity:undefined:undefined:undefined:undefined":26,"s:115:2:115:Infinity":59,"s:115:28:115:Infinity":60,"s:117:24:117:94":61,"s:118:23:118:Infinity":62,"s:119:12:119:Infinity":63,"s:121:20:121:83":64,"f:121:28:121:36":14,"s:121:47:121:81":65,"s:122:22:122:Infinity":66,"s:124:2:124:Infinity":67,"f:127:9:127:21":15,"b:128:2:128:Infinity:undefined:undefined:undefined:undefined":27,"s:128:2:128:Infinity":68,"s:128:23:128:Infinity":69,"b:129:2:129:Infinity:undefined:undefined:undefined:undefined":28,"s:129:2:129:Infinity":70,"s:129:28:129:Infinity":71,"b:130:2:130:Infinity:undefined:undefined:undefined:undefined":29,"s:130:2:130:Infinity":72,"s:130:27:130:Infinity":73,"s:131:2:131:Infinity":74,"f:134:9:134:25":16,"s:135:22:135:49":75,"s:136:26:136:57":76,"s:137:21:137:47":77,"s:138:17:138:39":78,"s:139:17:139:59":79,"s:140:17:140:41":80,"s:141:25:144:14":81,"f:142:5:142:13":17,"s:142:19:142:30":82,"f:143:5:143:10":18,"s:143:17:143:95":83,"b:143:37:143:72:143:72:143:95":30,"b:143:46:143:58:143:58:143:72":31,"b:143:72:143:84:143:84:143:95":32,"s:146:2:158:Infinity":84,"b:149:36:149:53:149:56:149:61":33,"b:153:27:153:104:153:104:153:Infinity":34,"b:154:31:154:106:154:106:154:Infinity":35,"b:155:26:155:86:155:86:155:Infinity":36,"b:156:32:156:103:156:103:156:Infinity":37,"f:161:9:161:25":19,"s:162:2:162:Infinity":85,"b:162:9:162:35:162:35:162:Infinity":38,"s:165:19:165:Infinity":86,"f:167:9:167:15":20,"s:168:21:168:54":87,"b:169:2:171:Infinity:undefined:undefined:undefined:undefined":39,"s:169:2:171:Infinity":88,"b:169:7:169:28:169:28:169:35":40,"b:169:35:169:61:169:61:169:65":41,"s:170:15:170:Infinity":89,"b:170:35:170:54:170:54:170:Infinity":42,"b:170:73:170:91:170:91:170:Infinity":43,"s:171:4:171:Infinity":90,"f:175:9:175:36":21,"s:176:19:176:Infinity":91,"s:177:20:177:Infinity":92,"s:178:15:178:Infinity":93,"s:179:20:179:Infinity":94,"s:181:2:206:Infinity":95,"b:182:4:206:Infinity:undefined:undefined:undefined:undefined":44,"s:182:4:206:Infinity":96,"s:183:6:183:Infinity":97,"s:184:22:184:Infinity":98,"b:185:6:206:Infinity:undefined:undefined:undefined:undefined":45,"s:185:6:206:Infinity":99,"s:186:22:186:Infinity":100,"s:187:24:187:Infinity":101,"s:188:8:198:Infinity":102,"s:189:25:189:44":103,"s:190:10:190:Infinity":104,"b:190:23:190:41:190:41:190:57:190:57:190:Infinity":46,"b:191:10:192:Infinity:undefined:undefined:undefined:undefined":47,"s:191:10:192:Infinity":105,"s:192:12:192:Infinity":106,"b:192:24:192:40:192:40:192:58:192:58:192:Infinity":48,"s:195:24:195:45":107,"b:196:10:198:Infinity:undefined:undefined:undefined:undefined":49,"s:196:10:198:Infinity":108,"b:196:14:196:37:196:41:196:65:196:69:196:96":50,"s:197:12:197:Infinity":109,"s:198:12:198:Infinity":110,"b:201:8:206:Infinity:undefined:undefined:undefined:undefined":51,"s:201:8:206:Infinity":111,"s:202:10:202:Infinity":112,"s:203:22:203:64":113,"b:204:10:206:Infinity:undefined:undefined:undefined:undefined":52,"s:204:10:206:Infinity":114,"s:205:12:205:Infinity":115,"s:206:12:206:Infinity":116,"s:213:2:213:Infinity":117,"f:216:16:216:36":22,"b:217:2:218:Infinity:218:7:218:Infinity":53,"s:217:2:218:Infinity":118,"s:217:18:217:Infinity":119,"s:218:7:218:Infinity":120,"s:219:2:219:Infinity":121,"s:220:2:220:Infinity":122,"s:223:19:223:Infinity":123,"s:224:18:224:Infinity":124,"f:225:16:225:34":23,"b:226:2:228:Infinity:undefined:undefined:undefined:undefined":54,"s:226:2:228:Infinity":125,"s:227:14:227:50":126,"s:228:4:228:Infinity":127,"s:230:2:230:Infinity":128,"s:231:14:231:Infinity":129,"s:232:12:232:40":130,"s:233:2:233:Infinity":131,"f:236:16:236:24":24,"s:237:2:237:Infinity":132,"s:238:2:238:Infinity":133,"f:241:16:241:25":25,"s:242:2:242:Infinity":134,"s:243:20:243:Infinity":135,"b:244:2:245:Infinity:undefined:undefined:undefined:undefined":55,"s:244:2:245:Infinity":136,"s:245:4:245:Infinity":137,"f:249:16:249:27":26,"s:250:2:250:Infinity":138,"s:269:15:369:Infinity":139,"f:275:2:275:11":27,"s:276:4:325:Infinity":140,"f:276:34:276:41":28,"s:277:6:323:Infinity":141,"s:279:10:280:Infinity":142,"b:279:10:279:32:280:11:280:Infinity":56,"b:280:42:280:78:280:78:280:Infinity":57,"b:280:11:280:26:280:26:280:42":58,"b:281:8:281:Infinity:undefined:undefined:undefined:undefined":59,"s:281:8:281:Infinity":143,"s:281:25:281:Infinity":144,"s:283:20:283:42":145,"b:283:20:283:40:283:40:283:42":60,"s:284:24:284:59":146,"s:286:28:286:46":147,"b:287:8:287:Infinity:undefined:undefined:undefined:undefined":61,"s:287:8:287:Infinity":148,"s:287:33:287:Infinity":149,"b:288:8:288:Infinity:undefined:undefined:undefined:undefined":62,"s:288:8:288:Infinity":150,"s:288:46:288:Infinity":151,"b:289:8:289:Infinity:undefined:undefined:undefined:undefined":63,"s:289:8:289:Infinity":152,"s:289:40:289:Infinity":153,"b:290:8:290:Infinity:undefined:undefined:undefined:undefined":64,"s:290:8:290:Infinity":154,"s:290:41:290:Infinity":155,"s:292:25:292:45":156,"b:292:25:292:43:292:43:292:45":65,"b:294:8:304:Infinity:undefined:undefined:undefined:undefined":66,"s:294:8:304:Infinity":157,"s:295:64:295:127":158,"s:296:26:296:Infinity":159,"s:297:10:304:Infinity":160,"s:307:23:307:45":161,"s:308:23:308:65":162,"b:310:8:313:Infinity:312:19:313:Infinity":67,"s:310:8:313:Infinity":163,"s:311:10:311:Infinity":164,"b:312:19:313:Infinity:undefined:undefined:undefined:undefined":68,"s:312:19:313:Infinity":165,"s:313:10:313:Infinity":166,"s:316:26:316:62":167,"s:317:8:317:Infinity":168,"b:317:73:317:91:317:95:317:100":69,"s:319:8:319:Infinity":169,"s:321:8:321:Infinity":170,"s:323:8:323:Infinity":171,"s:327:4:367:Infinity":172,"f:331:15:331:22":29,"s:333:10:334:Infinity":173,"b:333:10:333:32:334:11:334:Infinity":70,"b:334:42:334:78:334:78:334:Infinity":71,"b:334:11:334:26:334:26:334:42":72,"b:336:8:337:Infinity:undefined:undefined:undefined:undefined":73,"s:336:8:337:Infinity":174,"s:337:10:337:Infinity":175,"s:340:24:340:58":176,"s:341:23:341:45":177,"s:342:23:342:65":178,"s:343:28:343:55":179,"s:344:32:344:63":180,"s:345:27:345:53":181,"s:347:23:347:47":182,"s:348:26:350:73":183,"f:349:11:349:19":30,"s:349:25:349:36":184,"f:350:11:350:16":31,"s:350:22:350:73":185,"b:350:29:350:41:350:41:350:51":74,"s:352:22:363:Infinity":186,"b:354:47:354:64:354:67:354:Infinity":75,"b:359:52:359:74:359:77:359:Infinity":76,"b:360:56:360:82:360:85:360:Infinity":77,"b:361:51:361:72:361:75:361:Infinity":78,"b:362:33:362:81:362:81:362:Infinity":79,"s:365:8:365:Infinity":187}}}
}
